;  LST file generated by mikroListExporter - v.2.0 
; Date/Time: 16-02-2018 17:08:46
;----------------------------------------------

;Address Opcode 	ASM
0x0000	0x020036  	LJMP 54
0x0003	0x020000  	LJMP 0
0x0006	0x00      	NOP
0x0007	0x00      	NOP
0x0008	0x00      	NOP
0x0009	0x00      	NOP
0x000A	0x00      	NOP
0x000B	0x020000  	LJMP 0
0x000E	0x00      	NOP
0x000F	0x00      	NOP
0x0010	0x00      	NOP
0x0011	0x00      	NOP
0x0012	0x00      	NOP
0x0013	0x020000  	LJMP 0
0x0016	0x00      	NOP
0x0017	0x00      	NOP
0x0018	0x00      	NOP
0x0019	0x00      	NOP
0x001A	0x00      	NOP
0x001B	0x020000  	LJMP 0
0x001E	0x00      	NOP
0x001F	0x00      	NOP
0x0020	0x00      	NOP
0x0021	0x00      	NOP
0x0022	0x00      	NOP
0x0023	0x020000  	LJMP 0
0x0026	0x00      	NOP
0x0027	0x00      	NOP
0x0028	0x00      	NOP
0x0029	0x00      	NOP
0x002A	0x00      	NOP
0x002B	0x020000  	LJMP 0
___CC2D:
;__Lib_System.c,13 :: 		
;__Lib_System.c,15 :: 		
_CC2D_Loop1:
;__Lib_System.c,16 :: 		
0x002E	0xE4      	CLR A
;__Lib_System.c,17 :: 		
0x002F	0x93      	MOVC A, @A+DPTR
;__Lib_System.c,18 :: 		
0x0030	0xF6      	MOV @R0, A
;__Lib_System.c,19 :: 		
0x0031	0x08      	INC R0
;__Lib_System.c,20 :: 		
0x0032	0xA3      	INC DPTR
;__Lib_System.c,21 :: 		
0x0033	0xD9F9    	DJNZ R1, _CC2D_Loop1
;__Lib_System.c,23 :: 		
0x0035	0x22      	RET
; end of ___CC2D
_main:
0x0036	0x758180  	MOV SP, #128
;led_blinking.c,1 :: 		void main()
;led_blinking.c,4 :: 		p2=0x00;
0x0039	0x75A000  	MOV P2, #0
;led_blinking.c,6 :: 		while(1)
L_main0:
;led_blinking.c,8 :: 		p2=0b00001000;
0x003C	0x75A008  	MOV P2, #8
;led_blinking.c,9 :: 		delay_ms(500);
0x003F	0x7D04    	MOV R5, 4
0x0041	0x7E81    	MOV R6, 129
0x0043	0x7F79    	MOV R7, 121
0x0045	0xDFFE    	DJNZ R7, PC-2
0x0047	0xDEFC    	DJNZ R6, PC-4
0x0049	0xDDFA    	DJNZ R5, PC-6
0x004B	0x00      	NOP
;led_blinking.c,10 :: 		p2=0b00000100;
0x004C	0x75A004  	MOV P2, #4
;led_blinking.c,11 :: 		delay_ms(500);
0x004F	0x7D04    	MOV R5, 4
0x0051	0x7E81    	MOV R6, 129
0x0053	0x7F79    	MOV R7, 121
0x0055	0xDFFE    	DJNZ R7, PC-2
0x0057	0xDEFC    	DJNZ R6, PC-4
0x0059	0xDDFA    	DJNZ R5, PC-6
0x005B	0x00      	NOP
;led_blinking.c,12 :: 		p2=0b00000010;
0x005C	0x75A002  	MOV P2, #2
;led_blinking.c,13 :: 		delay_ms(500);
0x005F	0x7D04    	MOV R5, 4
0x0061	0x7E81    	MOV R6, 129
0x0063	0x7F79    	MOV R7, 121
0x0065	0xDFFE    	DJNZ R7, PC-2
0x0067	0xDEFC    	DJNZ R6, PC-4
0x0069	0xDDFA    	DJNZ R5, PC-6
0x006B	0x00      	NOP
;led_blinking.c,14 :: 		p2=0b00000001;
0x006C	0x75A001  	MOV P2, #1
;led_blinking.c,15 :: 		delay_ms(500);
0x006F	0x7D04    	MOV R5, 4
0x0071	0x7E81    	MOV R6, 129
0x0073	0x7F79    	MOV R7, 121
0x0075	0xDFFE    	DJNZ R7, PC-2
0x0077	0xDEFC    	DJNZ R6, PC-4
0x0079	0xDDFA    	DJNZ R5, PC-6
0x007B	0x00      	NOP
;led_blinking.c,16 :: 		}
0x007C	0x80BE    	SJMP L_main0
;led_blinking.c,17 :: 		}
0x007E	0x80FE    	SJMP #254
; end of _main
Symbol List:
//** Routines locations **
//ADDRESS    SIZE    PROCEDURE
//----------------------------------------------
0x002E       [8]    ___CC2D
0x0036      [74]    _main
//** Variables locations ** 
//ADDRESS    SIZE    VARIABLE
//----------------------------------------------
0x0000       [1]    R0
0x0001       [1]    R1
0x0002       [1]    R2
0x0003       [1]    R3
0x0004       [1]    R4
0x0005       [1]    R5
0x0006       [1]    R6
0x0007       [1]    R7
0x0080       [0]    P0_4_bit
0x0080       [0]    P0_3_bit
0x0080       [0]    P0_2_bit
0x0080       [0]    P0_7_bit
0x0080       [0]    P0_6_bit
0x0080       [0]    P0_5_bit
0x0080       [1]    P0
0x0080       [0]    P0_0_bit
0x0080       [0]    P0_1_bit
0x0081       [1]    SP
0x0082       [1]    DP0L
0x0082       [1]    DPL
0x0082       [2]    DPTR
0x0083       [1]    DPH
0x0083       [1]    DP0H
0x0084       [1]    DP1L
0x0085       [1]    DP1H
0x0087       [0]    PD_bit
0x0087       [0]    SMOD_bit
0x0087       [0]    IDL_bit
0x0087       [1]    PCON
0x0087       [0]    GF0_bit
0x0087       [0]    GF1_bit
0x0088       [0]    TR0_bit
0x0088       [0]    TF1_bit
0x0088       [0]    TR1_bit
0x0088       [0]    TF0_bit
0x0088       [0]    IE0_bit
0x0088       [0]    IT0_bit
0x0088       [0]    IT1_bit
0x0088       [0]    IE1_bit
0x0088       [1]    TCON
0x0089       [0]    M00_bit
0x0089       [0]    GATE0_bit
0x0089       [0]    M10_bit
0x0089       [0]    C_T0_bit
0x0089       [1]    TMOD
0x0089       [0]    C_T1_bit
0x0089       [0]    GATE1_bit
0x0089       [0]    M01_bit
0x0089       [0]    M11_bit
0x008A       [1]    TL0
0x008B       [1]    TL1
0x008C       [1]    TH0
0x008D       [1]    TH1
0x008E       [0]    EXTRAM_bit
0x008E       [0]    DISALE_bit
0x008E       [1]    AUXR
0x008E       [0]    WDIDLE_bit
0x008E       [0]    DISRTO_bit
0x0090       [0]    P1_5_bit
0x0090       [0]    P1_4_bit
0x0090       [0]    P1_7_bit
0x0090       [0]    P1_6_bit
0x0090       [0]    P1_3_bit
0x0090       [0]    P1_1_bit
0x0090       [1]    P1
0x0090       [0]    P1_0_bit
0x0090       [0]    P1_2_bit
0x0098       [0]    SM2_bit
0x0098       [0]    REN_bit
0x0098       [0]    TB8_bit
0x0098       [0]    RI_bit
0x0098       [1]    SCON
0x0098       [0]    RB8_bit
0x0098       [0]    TI_bit
0x0098       [0]    SM1_bit
0x0098       [0]    SM0_bit
0x0099       [1]    SBUF
0x00A0       [0]    P2_2_bit
0x00A0       [1]    P2
0x00A0       [0]    P2_0_bit
0x00A0       [0]    P2_1_bit
0x00A0       [0]    P2_3_bit
0x00A0       [0]    P2_6_bit
0x00A0       [0]    P2_7_bit
0x00A0       [0]    P2_4_bit
0x00A0       [0]    P2_5_bit
0x00A2       [0]    DPS_bit
0x00A2       [1]    AUXR1
0x00A6       [1]    WDTRST
0x00A8       [0]    ET1_bit
0x00A8       [0]    ES_bit
0x00A8       [0]    ET2_bit
0x00A8       [0]    EA_bit
0x00A8       [0]    ET0_bit
0x00A8       [0]    EX1_bit
0x00A8       [1]    IE
0x00A8       [0]    EX0_bit
0x00B0       [0]    P3_1_bit
0x00B0       [0]    P3_0_bit
0x00B0       [1]    P3
0x00B0       [0]    P3_2_bit
0x00B0       [0]    P3_6_bit
0x00B0       [0]    P3_7_bit
0x00B0       [0]    P3_5_bit
0x00B0       [0]    P3_3_bit
0x00B0       [0]    P3_4_bit
0x00B8       [0]    PX0_bit
0x00B8       [1]    IP
0x00B8       [0]    PT2_bit
0x00B8       [0]    PT0_bit
0x00B8       [0]    PS_bit
0x00B8       [0]    PT1_bit
0x00B8       [0]    PX1_bit
0x00C8       [0]    CP_RL2_bit
0x00C8       [0]    EXF2_bit
0x00C8       [1]    T2CON
0x00C8       [0]    TF2_bit
0x00C8       [0]    C_T2_bit
0x00C8       [0]    TCLK_bit
0x00C8       [0]    EXEN2_bit
0x00C8       [0]    RCLK_bit
0x00C8       [0]    TR2_bit
0x00C9       [0]    T2OE_bit
0x00C9       [0]    DCEN_bit
0x00C9       [1]    T2MOD
0x00CA       [1]    RCAP2L
0x00CB       [1]    RCAP2H
0x00CC       [1]    TL2
0x00CD       [1]    TH2
0x00D0       [0]    AC_bit
0x00D0       [0]    CY_bit
0x00D0       [0]    F1_bit
0x00D0       [0]    P_bit
0x00D0       [1]    PSW
0x00D0       [0]    OV_bit
0x00D0       [0]    F0_bit
0x00D0       [0]    RS1_bit
0x00D0       [0]    RS0_bit
0x00E0       [1]    ACC
0x00F0       [1]    B
//** Label List: ** 
//----------------------------------------------
  L_main0
  L_main1
  _main
  _CC2D_Loop1
  _CC2PD_Loop1
  _CC2XD_Loop1
  ___DoIFC
  ___CC2D
  ___CC2PD
  ___CC2XD
