;  LST file generated by mikroListExporter - v.2.0 
; Date/Time: 09-03-2018 17:02:22
;----------------------------------------------

;Address Opcode 	ASM
0x0000	0x020036  	LJMP 54
0x0003	0x020000  	LJMP 0
0x0006	0x00      	NOP
0x0007	0x00      	NOP
0x0008	0x00      	NOP
0x0009	0x00      	NOP
0x000A	0x00      	NOP
0x000B	0x020000  	LJMP 0
0x000E	0x00      	NOP
0x000F	0x00      	NOP
0x0010	0x00      	NOP
0x0011	0x00      	NOP
0x0012	0x00      	NOP
0x0013	0x020000  	LJMP 0
0x0016	0x00      	NOP
0x0017	0x00      	NOP
0x0018	0x00      	NOP
0x0019	0x00      	NOP
0x001A	0x00      	NOP
0x001B	0x020000  	LJMP 0
0x001E	0x00      	NOP
0x001F	0x00      	NOP
0x0020	0x00      	NOP
0x0021	0x00      	NOP
0x0022	0x00      	NOP
0x0023	0x020000  	LJMP 0
0x0026	0x00      	NOP
0x0027	0x00      	NOP
0x0028	0x00      	NOP
0x0029	0x00      	NOP
0x002A	0x00      	NOP
0x002B	0x020000  	LJMP 0
___CC2D:
;__Lib_System.c,13 :: 		
;__Lib_System.c,15 :: 		
_CC2D_Loop1:
;__Lib_System.c,16 :: 		
0x002E	0xE4      	CLR A
;__Lib_System.c,17 :: 		
0x002F	0x93      	MOVC A, @A+DPTR
;__Lib_System.c,18 :: 		
0x0030	0xF6      	MOV @R0, A
;__Lib_System.c,19 :: 		
0x0031	0x08      	INC R0
;__Lib_System.c,20 :: 		
0x0032	0xA3      	INC DPTR
;__Lib_System.c,21 :: 		
0x0033	0xD9F9    	DJNZ R1, _CC2D_Loop1
;__Lib_System.c,23 :: 		
0x0035	0x22      	RET
; end of ___CC2D
_main:
0x0036	0x758180  	MOV SP, #128
;two_7_segment.c,1 :: 		void main()
;two_7_segment.c,6 :: 		int n[]={0,0};
0x0039	0x750800  	MOV main_n_L0, #0
0x003C	0x750900  	MOV main_n_L0+1, #0
0x003F	0x750A00  	MOV main_n_L0+2, #0
0x0042	0x750B00  	MOV main_n_L0+3, #0
;two_7_segment.c,7 :: 		p0=0x00;
0x0045	0x758000  	MOV P0, #0
;two_7_segment.c,8 :: 		p2=0x00;
0x0048	0x75A000  	MOV P2, #0
;two_7_segment.c,10 :: 		while(1)
L_main0:
;two_7_segment.c,12 :: 		if(n[1]==9&&n[0]!=9)
0x004B	0x7409    	MOV A, #9
0x004D	0x650A    	XRL A, main_n_L0+2
0x004F	0x7004    	JNZ L__main34
0x0051	0x7400    	MOV A, #0
0x0053	0x650B    	XRL A, main_n_L0+3
L__main34:
0x0055	0x7020    	JNZ L_main4
0x0057	0x7409    	MOV A, #9
0x0059	0x6508    	XRL A, main_n_L0
0x005B	0x7004    	JNZ L__main35
0x005D	0x7400    	MOV A, #0
0x005F	0x6509    	XRL A, main_n_L0+1
L__main35:
0x0061	0x6014    	JZ L_main4
L__main33:
;two_7_segment.c,13 :: 		{           n[1]=0;
0x0063	0x750A00  	MOV main_n_L0+2, #0
0x0066	0x750B00  	MOV main_n_L0+3, #0
;two_7_segment.c,14 :: 		n[0]+=1;
0x0069	0x7401    	MOV A, #1
0x006B	0x2508    	ADD A, main_n_L0
0x006D	0xF508    	MOV main_n_L0, A
0x006F	0x7400    	MOV A, #0
0x0071	0x3509    	ADDC A, main_n_L0+1
0x0073	0xF509    	MOV main_n_L0+1, A
;two_7_segment.c,15 :: 		}
0x0075	0x8032    	SJMP L_main5
L_main4:
;two_7_segment.c,16 :: 		else if(n[0]==9 && n[1]==9)
0x0077	0x7409    	MOV A, #9
0x0079	0x6508    	XRL A, main_n_L0
0x007B	0x7004    	JNZ L__main36
0x007D	0x7400    	MOV A, #0
0x007F	0x6509    	XRL A, main_n_L0+1
L__main36:
0x0081	0x701A    	JNZ L_main8
0x0083	0x7409    	MOV A, #9
0x0085	0x650A    	XRL A, main_n_L0+2
0x0087	0x7004    	JNZ L__main37
0x0089	0x7400    	MOV A, #0
0x008B	0x650B    	XRL A, main_n_L0+3
L__main37:
0x008D	0x700E    	JNZ L_main8
L__main32:
;two_7_segment.c,17 :: 		{n[1]=0;
0x008F	0x750A00  	MOV main_n_L0+2, #0
0x0092	0x750B00  	MOV main_n_L0+3, #0
;two_7_segment.c,18 :: 		n[0]=0;}
0x0095	0x750800  	MOV main_n_L0, #0
0x0098	0x750900  	MOV main_n_L0+1, #0
0x009B	0x800C    	SJMP L_main9
L_main8:
;two_7_segment.c,21 :: 		n[1]+=1;
0x009D	0x7401    	MOV A, #1
0x009F	0x250A    	ADD A, main_n_L0+2
0x00A1	0xF50A    	MOV main_n_L0+2, A
0x00A3	0x7400    	MOV A, #0
0x00A5	0x350B    	ADDC A, main_n_L0+3
0x00A7	0xF50B    	MOV main_n_L0+3, A
;two_7_segment.c,22 :: 		}
L_main9:
L_main5:
;two_7_segment.c,23 :: 		for(k=0;k<50; k++)
0x00A9	0x751000  	MOV main_k_L0, #0
0x00AC	0x751100  	MOV main_k_L0+1, #0
L_main10:
0x00AF	0xC3      	CLR C
0x00B0	0xE510    	MOV A, main_k_L0
0x00B2	0x9432    	SUBB A, #50
0x00B4	0x7400    	MOV A, #0
0x00B6	0x6480    	XRL A, #128
0x00B8	0xF8      	MOV R0, A
0x00B9	0xE511    	MOV A, main_k_L0+1
0x00BB	0x6480    	XRL A, #128
0x00BD	0x98      	SUBB A, R0
0x00BE	0x4002    	JC #2
0x00C0	0x4139    	AJMP L_main11
;two_7_segment.c,25 :: 		for(j=0;j<=1;j++)
0x00C2	0x750E00  	MOV main_j_L0, #0
0x00C5	0x750F00  	MOV main_j_L0+1, #0
L_main13:
0x00C8	0xD3      	SETB C
0x00C9	0xE50E    	MOV A, main_j_L0
0x00CB	0x9401    	SUBB A, #1
0x00CD	0x7400    	MOV A, #0
0x00CF	0x6480    	XRL A, #128
0x00D1	0xF8      	MOV R0, A
0x00D2	0xE50F    	MOV A, main_j_L0+1
0x00D4	0x6480    	XRL A, #128
0x00D6	0x98      	SUBB A, R0
0x00D7	0x4002    	JC #2
0x00D9	0x412B    	AJMP L_main14
;two_7_segment.c,27 :: 		switch(j)
0x00DB	0x800A    	SJMP L_main16
;two_7_segment.c,29 :: 		case 0:p0=1; break;
L_main18:
0x00DD	0x758001  	MOV P0, #1
0x00E0	0x8017    	SJMP L_main17
;two_7_segment.c,30 :: 		case 1:p0=2; break;
L_main19:
0x00E2	0x758002  	MOV P0, #2
0x00E5	0x8012    	SJMP L_main17
;two_7_segment.c,31 :: 		}
L_main16:
0x00E7	0xE50E    	MOV A, main_j_L0
0x00E9	0x450F    	ORL A, main_j_L0+1
0x00EB	0x60F0    	JZ L_main18
0x00ED	0x7401    	MOV A, #1
0x00EF	0x650E    	XRL A, main_j_L0
0x00F1	0x7004    	JNZ L__main38
0x00F3	0x7400    	MOV A, #0
0x00F5	0x650F    	XRL A, main_j_L0+1
L__main38:
0x00F7	0x60E9    	JZ L_main19
L_main17:
;two_7_segment.c,33 :: 		i = n[j];
0x00F9	0x7A01    	MOV R2, #1
0x00FB	0xA90F    	MOV R1, main_j_L0+1
0x00FD	0xE50E    	MOV A, main_j_L0
0x00FF	0x0A      	INC R2
0x0100	0x8005    	SJMP L__main39
L__main40:
0x0102	0xC3      	CLR C
0x0103	0x33      	RLC A
0x0104	0xC9      	XCH A, R1
0x0105	0x33      	RLC A
0x0106	0xC9      	XCH A, R1
L__main39:
0x0107	0xDAF9    	DJNZ R2, L__main40
0x0109	0xF8      	MOV R0, A
0x010A	0x7408    	MOV A, lo_addr(main_n_L0)
0x010C	0x28      	ADD A, R0
0x010D	0xF8      	MOV R0, A
0x010E	0x860C    	MOV main_i_L0, @R0
0x0110	0x08      	INC R0
0x0111	0x860D    	MOV main_i_L0+1, @R0
;two_7_segment.c,34 :: 		switch(i)
0x0113	0x2197    	AJMP L_main20
;two_7_segment.c,36 :: 		case 0:p2=192; delay_ms(1); break;
L_main22:
0x0115	0x75A0C0  	MOV P2, #192
0x0118	0x7E02    	MOV R6, 2
0x011A	0x7FCA    	MOV R7, 202
0x011C	0xDFFE    	DJNZ R7, PC-2
0x011E	0xDEFC    	DJNZ R6, PC-4
0x0120	0x411D    	AJMP L_main21
;two_7_segment.c,37 :: 		case 1:p2=249; delay_ms(1); break;
L_main23:
0x0122	0x75A0F9  	MOV P2, #249
0x0125	0x7E02    	MOV R6, 2
0x0127	0x7FCA    	MOV R7, 202
0x0129	0xDFFE    	DJNZ R7, PC-2
0x012B	0xDEFC    	DJNZ R6, PC-4
0x012D	0x411D    	AJMP L_main21
;two_7_segment.c,38 :: 		case 2:p2=164; delay_ms(1); break;
L_main24:
0x012F	0x75A0A4  	MOV P2, #164
0x0132	0x7E02    	MOV R6, 2
0x0134	0x7FCA    	MOV R7, 202
0x0136	0xDFFE    	DJNZ R7, PC-2
0x0138	0xDEFC    	DJNZ R6, PC-4
0x013A	0x411D    	AJMP L_main21
;two_7_segment.c,39 :: 		case 3:p2=176; delay_ms(1); break;
L_main25:
0x013C	0x75A0B0  	MOV P2, #176
0x013F	0x7E02    	MOV R6, 2
0x0141	0x7FCA    	MOV R7, 202
0x0143	0xDFFE    	DJNZ R7, PC-2
0x0145	0xDEFC    	DJNZ R6, PC-4
0x0147	0x411D    	AJMP L_main21
;two_7_segment.c,40 :: 		case 4:p2=153; delay_ms(1); break;
L_main26:
0x0149	0x75A099  	MOV P2, #153
0x014C	0x7E02    	MOV R6, 2
0x014E	0x7FCA    	MOV R7, 202
0x0150	0xDFFE    	DJNZ R7, PC-2
0x0152	0xDEFC    	DJNZ R6, PC-4
0x0154	0x411D    	AJMP L_main21
;two_7_segment.c,41 :: 		case 5:p2=146; delay_ms(1); break;
L_main27:
0x0156	0x75A092  	MOV P2, #146
0x0159	0x7E02    	MOV R6, 2
0x015B	0x7FCA    	MOV R7, 202
0x015D	0xDFFE    	DJNZ R7, PC-2
0x015F	0xDEFC    	DJNZ R6, PC-4
0x0161	0x411D    	AJMP L_main21
;two_7_segment.c,42 :: 		case 6:p2=130; delay_ms(1); break;
L_main28:
0x0163	0x75A082  	MOV P2, #130
0x0166	0x7E02    	MOV R6, 2
0x0168	0x7FCA    	MOV R7, 202
0x016A	0xDFFE    	DJNZ R7, PC-2
0x016C	0xDEFC    	DJNZ R6, PC-4
0x016E	0x411D    	AJMP L_main21
;two_7_segment.c,43 :: 		case 7:p2=248; delay_ms(1); break;
L_main29:
0x0170	0x75A0F8  	MOV P2, #248
0x0173	0x7E02    	MOV R6, 2
0x0175	0x7FCA    	MOV R7, 202
0x0177	0xDFFE    	DJNZ R7, PC-2
0x0179	0xDEFC    	DJNZ R6, PC-4
0x017B	0x411D    	AJMP L_main21
;two_7_segment.c,44 :: 		case 8:p2=128; delay_ms(1); break;
L_main30:
0x017D	0x75A080  	MOV P2, #128
0x0180	0x7E02    	MOV R6, 2
0x0182	0x7FCA    	MOV R7, 202
0x0184	0xDFFE    	DJNZ R7, PC-2
0x0186	0xDEFC    	DJNZ R6, PC-4
0x0188	0x411D    	AJMP L_main21
;two_7_segment.c,45 :: 		case 9:p2=152; delay_ms(1); break;
L_main31:
0x018A	0x75A098  	MOV P2, #152
0x018D	0x7E02    	MOV R6, 2
0x018F	0x7FCA    	MOV R7, 202
0x0191	0xDFFE    	DJNZ R7, PC-2
0x0193	0xDEFC    	DJNZ R6, PC-4
0x0195	0x411D    	AJMP L_main21
;two_7_segment.c,46 :: 		}
L_main20:
0x0197	0xE50C    	MOV A, main_i_L0
0x0199	0x450D    	ORL A, main_i_L0+1
0x019B	0x7002    	JNZ #2
0x019D	0x2115    	AJMP L_main22
0x019F	0x7401    	MOV A, #1
0x01A1	0x650C    	XRL A, main_i_L0
0x01A3	0x7004    	JNZ L__main41
0x01A5	0x7400    	MOV A, #0
0x01A7	0x650D    	XRL A, main_i_L0+1
L__main41:
0x01A9	0x7002    	JNZ #2
0x01AB	0x2122    	AJMP L_main23
0x01AD	0x7402    	MOV A, #2
0x01AF	0x650C    	XRL A, main_i_L0
0x01B1	0x7004    	JNZ L__main42
0x01B3	0x7400    	MOV A, #0
0x01B5	0x650D    	XRL A, main_i_L0+1
L__main42:
0x01B7	0x7002    	JNZ #2
0x01B9	0x212F    	AJMP L_main24
0x01BB	0x7403    	MOV A, #3
0x01BD	0x650C    	XRL A, main_i_L0
0x01BF	0x7004    	JNZ L__main43
0x01C1	0x7400    	MOV A, #0
0x01C3	0x650D    	XRL A, main_i_L0+1
L__main43:
0x01C5	0x7002    	JNZ #2
0x01C7	0x213C    	AJMP L_main25
0x01C9	0x7404    	MOV A, #4
0x01CB	0x650C    	XRL A, main_i_L0
0x01CD	0x7004    	JNZ L__main44
0x01CF	0x7400    	MOV A, #0
0x01D1	0x650D    	XRL A, main_i_L0+1
L__main44:
0x01D3	0x7002    	JNZ #2
0x01D5	0x2149    	AJMP L_main26
0x01D7	0x7405    	MOV A, #5
0x01D9	0x650C    	XRL A, main_i_L0
0x01DB	0x7004    	JNZ L__main45
0x01DD	0x7400    	MOV A, #0
0x01DF	0x650D    	XRL A, main_i_L0+1
L__main45:
0x01E1	0x7002    	JNZ #2
0x01E3	0x2156    	AJMP L_main27
0x01E5	0x7406    	MOV A, #6
0x01E7	0x650C    	XRL A, main_i_L0
0x01E9	0x7004    	JNZ L__main46
0x01EB	0x7400    	MOV A, #0
0x01ED	0x650D    	XRL A, main_i_L0+1
L__main46:
0x01EF	0x7002    	JNZ #2
0x01F1	0x2163    	AJMP L_main28
0x01F3	0x7407    	MOV A, #7
0x01F5	0x650C    	XRL A, main_i_L0
0x01F7	0x7004    	JNZ L__main47
0x01F9	0x7400    	MOV A, #0
0x01FB	0x650D    	XRL A, main_i_L0+1
L__main47:
0x01FD	0x7002    	JNZ #2
0x01FF	0x2170    	AJMP L_main29
0x0201	0x7408    	MOV A, #8
0x0203	0x650C    	XRL A, main_i_L0
0x0205	0x7004    	JNZ L__main48
0x0207	0x7400    	MOV A, #0
0x0209	0x650D    	XRL A, main_i_L0+1
L__main48:
0x020B	0x7002    	JNZ #2
0x020D	0x217D    	AJMP L_main30
0x020F	0x7409    	MOV A, #9
0x0211	0x650C    	XRL A, main_i_L0
0x0213	0x7004    	JNZ L__main49
0x0215	0x7400    	MOV A, #0
0x0217	0x650D    	XRL A, main_i_L0+1
L__main49:
0x0219	0x7002    	JNZ #2
0x021B	0x218A    	AJMP L_main31
L_main21:
;two_7_segment.c,25 :: 		for(j=0;j<=1;j++)
0x021D	0x7401    	MOV A, #1
0x021F	0x250E    	ADD A, main_j_L0
0x0221	0xF50E    	MOV main_j_L0, A
0x0223	0x7400    	MOV A, #0
0x0225	0x350F    	ADDC A, main_j_L0+1
0x0227	0xF50F    	MOV main_j_L0+1, A
;two_7_segment.c,47 :: 		}
0x0229	0x01C8    	AJMP L_main13
L_main14:
;two_7_segment.c,23 :: 		for(k=0;k<50; k++)
0x022B	0x7401    	MOV A, #1
0x022D	0x2510    	ADD A, main_k_L0
0x022F	0xF510    	MOV main_k_L0, A
0x0231	0x7400    	MOV A, #0
0x0233	0x3511    	ADDC A, main_k_L0+1
0x0235	0xF511    	MOV main_k_L0+1, A
;two_7_segment.c,49 :: 		}
0x0237	0x01AF    	AJMP L_main10
L_main11:
;two_7_segment.c,50 :: 		}
0x0239	0x014B    	AJMP L_main0
;two_7_segment.c,51 :: 		}
0x023B	0x80FE    	SJMP #254
; end of _main
Symbol List:
//** Routines locations **
//ADDRESS    SIZE    PROCEDURE
//----------------------------------------------
0x002E       [8]    ___CC2D
0x0036     [519]    _main
//** Variables locations ** 
//ADDRESS    SIZE    VARIABLE
//----------------------------------------------
0x0000       [1]    R0
0x0001       [1]    R1
0x0002       [1]    R2
0x0003       [1]    R3
0x0004       [1]    R4
0x0005       [1]    R5
0x0006       [1]    R6
0x0007       [1]    R7
0x0008       [4]    main_n_L0
0x000C       [2]    main_i_L0
0x000E       [2]    main_j_L0
0x0010       [2]    main_k_L0
0x0080       [0]    P0_4_bit
0x0080       [0]    P0_0_bit
0x0080       [0]    P0_5_bit
0x0080       [0]    P0_1_bit
0x0080       [0]    P0_2_bit
0x0080       [0]    P0_3_bit
0x0080       [1]    P0
0x0080       [0]    P0_7_bit
0x0080       [0]    P0_6_bit
0x0081       [1]    SP
0x0082       [2]    DPTR
0x0082       [1]    DPL
0x0082       [1]    DP0L
0x0083       [1]    DPH
0x0083       [1]    DP0H
0x0084       [1]    DP1L
0x0085       [1]    DP1H
0x0087       [0]    GF0_bit
0x0087       [0]    PD_bit
0x0087       [0]    IDL_bit
0x0087       [0]    GF1_bit
0x0087       [0]    SMOD_bit
0x0087       [1]    PCON
0x0088       [0]    TR0_bit
0x0088       [0]    TF1_bit
0x0088       [0]    TR1_bit
0x0088       [0]    TF0_bit
0x0088       [0]    IE1_bit
0x0088       [0]    IT0_bit
0x0088       [1]    TCON
0x0088       [0]    IT1_bit
0x0088       [0]    IE0_bit
0x0089       [1]    TMOD
0x0089       [0]    GATE0_bit
0x0089       [0]    C_T0_bit
0x0089       [0]    M00_bit
0x0089       [0]    M10_bit
0x0089       [0]    M11_bit
0x0089       [0]    GATE1_bit
0x0089       [0]    C_T1_bit
0x0089       [0]    M01_bit
0x008A       [1]    TL0
0x008B       [1]    TL1
0x008C       [1]    TH0
0x008D       [1]    TH1
0x008E       [1]    AUXR
0x008E       [0]    DISALE_bit
0x008E       [0]    DISRTO_bit
0x008E       [0]    EXTRAM_bit
0x008E       [0]    WDIDLE_bit
0x0090       [0]    P1_3_bit
0x0090       [0]    P1_1_bit
0x0090       [0]    P1_5_bit
0x0090       [0]    P1_2_bit
0x0090       [0]    P1_4_bit
0x0090       [0]    P1_6_bit
0x0090       [1]    P1
0x0090       [0]    P1_7_bit
0x0090       [0]    P1_0_bit
0x0098       [0]    SM2_bit
0x0098       [0]    REN_bit
0x0098       [0]    RI_bit
0x0098       [1]    SCON
0x0098       [0]    TI_bit
0x0098       [0]    TB8_bit
0x0098       [0]    RB8_bit
0x0098       [0]    SM1_bit
0x0098       [0]    SM0_bit
0x0099       [1]    SBUF
0x00A0       [0]    P2_6_bit
0x00A0       [0]    P2_1_bit
0x00A0       [0]    P2_7_bit
0x00A0       [0]    P2_0_bit
0x00A0       [0]    P2_5_bit
0x00A0       [0]    P2_4_bit
0x00A0       [1]    P2
0x00A0       [0]    P2_2_bit
0x00A0       [0]    P2_3_bit
0x00A2       [0]    DPS_bit
0x00A2       [1]    AUXR1
0x00A6       [1]    WDTRST
0x00A8       [0]    ET0_bit
0x00A8       [0]    EX1_bit
0x00A8       [0]    ES_bit
0x00A8       [0]    ET1_bit
0x00A8       [0]    EA_bit
0x00A8       [0]    ET2_bit
0x00A8       [0]    EX0_bit
0x00A8       [1]    IE
0x00B0       [0]    P3_7_bit
0x00B0       [0]    P3_1_bit
0x00B0       [0]    P3_2_bit
0x00B0       [1]    P3
0x00B0       [0]    P3_0_bit
0x00B0       [0]    P3_5_bit
0x00B0       [0]    P3_6_bit
0x00B0       [0]    P3_3_bit
0x00B0       [0]    P3_4_bit
0x00B8       [0]    PT1_bit
0x00B8       [0]    PS_bit
0x00B8       [0]    PT2_bit
0x00B8       [0]    PX1_bit
0x00B8       [1]    IP
0x00B8       [0]    PX0_bit
0x00B8       [0]    PT0_bit
0x00C8       [0]    C_T2_bit
0x00C8       [0]    TR2_bit
0x00C8       [1]    T2CON
0x00C8       [0]    CP_RL2_bit
0x00C8       [0]    EXEN2_bit
0x00C8       [0]    EXF2_bit
0x00C8       [0]    TF2_bit
0x00C8       [0]    TCLK_bit
0x00C8       [0]    RCLK_bit
0x00C9       [0]    T2OE_bit
0x00C9       [1]    T2MOD
0x00C9       [0]    DCEN_bit
0x00CA       [1]    RCAP2L
0x00CB       [1]    RCAP2H
0x00CC       [1]    TL2
0x00CD       [1]    TH2
0x00D0       [0]    P_bit
0x00D0       [0]    F1_bit
0x00D0       [0]    RS0_bit
0x00D0       [0]    AC_bit
0x00D0       [0]    F0_bit
0x00D0       [0]    RS1_bit
0x00D0       [0]    OV_bit
0x00D0       [1]    PSW
0x00D0       [0]    CY_bit
0x00E0       [1]    ACC
0x00F0       [1]    B
//** Label List: ** 
//----------------------------------------------
  L_main0
  L_main1
  L_main2
  L_main3
  L_main4
  L_main5
  L_main6
  L_main7
  L_main8
  L_main9
  L_main10
  L_main11
  L_main12
  L_main13
  L_main14
  L_main15
  L_main16
  L_main17
  L_main18
  L_main19
  L_main20
  L_main21
  L_main22
  L_main23
  L_main24
  L_main25
  L_main26
  L_main27
  L_main28
  L_main29
  L_main30
  L_main31
  L__main32
  L__main33
  _main
  L__main34
  L__main35
  L__main36
  L__main37
  L__main38
  L__main39
  L__main40
  L__main41
  L__main42
  L__main43
  L__main44
  L__main45
  L__main46
  L__main47
  L__main48
  L__main49
  _CC2D_Loop1
  _CC2PD_Loop1
  _CC2XD_Loop1
  ___DoIFC
  ___CC2D
  ___CC2PD
  ___CC2XD
